   1               		.file	"hello.c"
   2               	__SP_H__ = 0x3e
   3               	__SP_L__ = 0x3d
   4               	__SREG__ = 0x3f
   5               	__RAMPZ__ = 0x3b
   6               	__tmp_reg__ = 0
   7               	__zero_reg__ = 1
  10               		.text
  11               	.Ltext0:
 105               	.global	send_byte
 107               	send_byte:
 108               		.stabd	46,0,0
   1:hello.c       **** #define F_CPU 16000000UL
   2:hello.c       **** 
   3:hello.c       **** #include <avr/io.h>
   4:hello.c       **** #include <util/delay.h>
   5:hello.c       **** #include <avr/interrupt.h>
   6:hello.c       **** 
   7:hello.c       **** #define USART_BAUDRATE 9600
   8:hello.c       **** #define BAUD_PRESCALE (((F_CPU / (USART_BAUDRATE * 16UL))) - 1)
   9:hello.c       **** 
  10:hello.c       **** void send_byte(uint8_t byte){
 110               	.LM0:
 111               	.LFBB1:
 112               	/* prologue: function */
 113               	/* frame size = 0 */
 114               	/* stack size = 0 */
 115               	.L__stack_usage = 0
 116               	.L3:
  11:hello.c       **** 	 while((UCSR1A &(1<<UDRE1)) == 0);
 118               	.LM1:
 119 0000 9091 9B00 		lds r25,155
 120 0004 95FF      		sbrs r25,5
 121 0006 00C0      		rjmp .L3
  12:hello.c       **** 	 UDR1 = byte;
 123               	.LM2:
 124 0008 8093 9C00 		sts 156,r24
 125 000c 0895      		ret
 127               	.Lscope1:
 129               		.stabd	78,0,0
 130               		.section	.text.startup,"ax",@progbits
 132               	.global	main
 134               	main:
 135               		.stabd	46,0,0
  13:hello.c       **** }
  14:hello.c       **** 
  15:hello.c       **** 
  16:hello.c       **** int main (void)
  17:hello.c       **** {
 137               	.LM3:
 138               	.LFBB2:
 139               	/* prologue: function */
 140               	/* frame size = 0 */
 141               	/* stack size = 0 */
 142               	.L__stack_usage = 0
  18:hello.c       **** 
  19:hello.c       **** 	UBRR1H = ( BAUD_PRESCALE >> 8) ;
 144               	.LM4:
 145 0000 1092 9800 		sts 152,__zero_reg__
  20:hello.c       **** 	UBRR1L = ( BAUD_PRESCALE ) ; 
 147               	.LM5:
 148 0004 87E6      		ldi r24,lo8(103)
 149 0006 8093 9900 		sts 153,r24
  21:hello.c       **** 	UCSR1B |= (1 << RXEN1) | (1 << TXEN1) | (1 << RXCIE1);
 151               	.LM6:
 152 000a 8091 9A00 		lds r24,154
 153 000e 8869      		ori r24,lo8(-104)
 154 0010 8093 9A00 		sts 154,r24
  22:hello.c       **** 	UCSR1C |= (1<<USBS1) | (3<<UCSZ10); 
 156               	.LM7:
 157 0014 8091 9D00 		lds r24,157
 158 0018 8E60      		ori r24,lo8(14)
 159 001a 8093 9D00 		sts 157,r24
 160               	.L6:
  23:hello.c       **** 	
  24:hello.c       **** 	while(1)
  25:hello.c       **** 	{
  26:hello.c       **** 		send_byte('H');
 162               	.LM8:
 163 001e 88E4      		ldi r24,lo8(72)
 164 0020 0E94 0000 		call send_byte
 165               	.LBB4:
 166               	.LBB5:
 168               	.Ltext1:
   1:/usr/lib/avr/include/util/delay.h **** /* Copyright (c) 2002, Marek Michalkiewicz
   2:/usr/lib/avr/include/util/delay.h ****    Copyright (c) 2004,2005,2007 Joerg Wunsch
   3:/usr/lib/avr/include/util/delay.h ****    Copyright (c) 2007  Florin-Viorel Petrov
   4:/usr/lib/avr/include/util/delay.h ****    All rights reserved.
   5:/usr/lib/avr/include/util/delay.h **** 
   6:/usr/lib/avr/include/util/delay.h ****    Redistribution and use in source and binary forms, with or without
   7:/usr/lib/avr/include/util/delay.h ****    modification, are permitted provided that the following conditions are met:
   8:/usr/lib/avr/include/util/delay.h **** 
   9:/usr/lib/avr/include/util/delay.h ****    * Redistributions of source code must retain the above copyright
  10:/usr/lib/avr/include/util/delay.h ****      notice, this list of conditions and the following disclaimer.
  11:/usr/lib/avr/include/util/delay.h **** 
  12:/usr/lib/avr/include/util/delay.h ****    * Redistributions in binary form must reproduce the above copyright
  13:/usr/lib/avr/include/util/delay.h ****      notice, this list of conditions and the following disclaimer in
  14:/usr/lib/avr/include/util/delay.h ****      the documentation and/or other materials provided with the
  15:/usr/lib/avr/include/util/delay.h ****      distribution.
  16:/usr/lib/avr/include/util/delay.h **** 
  17:/usr/lib/avr/include/util/delay.h ****    * Neither the name of the copyright holders nor the names of
  18:/usr/lib/avr/include/util/delay.h ****      contributors may be used to endorse or promote products derived
  19:/usr/lib/avr/include/util/delay.h ****      from this software without specific prior written permission.
  20:/usr/lib/avr/include/util/delay.h **** 
  21:/usr/lib/avr/include/util/delay.h ****   THIS SOFTWARE IS PROVIDED BY THE COPYRIGHT HOLDERS AND CONTRIBUTORS "AS IS"
  22:/usr/lib/avr/include/util/delay.h ****   AND ANY EXPRESS OR IMPLIED WARRANTIES, INCLUDING, BUT NOT LIMITED TO, THE
  23:/usr/lib/avr/include/util/delay.h ****   IMPLIED WARRANTIES OF MERCHANTABILITY AND FITNESS FOR A PARTICULAR PURPOSE
  24:/usr/lib/avr/include/util/delay.h ****   ARE DISCLAIMED. IN NO EVENT SHALL THE COPYRIGHT OWNER OR CONTRIBUTORS BE
  25:/usr/lib/avr/include/util/delay.h ****   LIABLE FOR ANY DIRECT, INDIRECT, INCIDENTAL, SPECIAL, EXEMPLARY, OR
  26:/usr/lib/avr/include/util/delay.h ****   CONSEQUENTIAL DAMAGES (INCLUDING, BUT NOT LIMITED TO, PROCUREMENT OF
  27:/usr/lib/avr/include/util/delay.h ****   SUBSTITUTE GOODS OR SERVICES; LOSS OF USE, DATA, OR PROFITS; OR BUSINESS
  28:/usr/lib/avr/include/util/delay.h ****   INTERRUPTION) HOWEVER CAUSED AND ON ANY THEORY OF LIABILITY, WHETHER IN
  29:/usr/lib/avr/include/util/delay.h ****   CONTRACT, STRICT LIABILITY, OR TORT (INCLUDING NEGLIGENCE OR OTHERWISE)
  30:/usr/lib/avr/include/util/delay.h ****   ARISING IN ANY WAY OUT OF THE USE OF THIS SOFTWARE, EVEN IF ADVISED OF THE
  31:/usr/lib/avr/include/util/delay.h ****   POSSIBILITY OF SUCH DAMAGE. */
  32:/usr/lib/avr/include/util/delay.h **** 
  33:/usr/lib/avr/include/util/delay.h **** /* $Id$ */
  34:/usr/lib/avr/include/util/delay.h **** 
  35:/usr/lib/avr/include/util/delay.h **** #ifndef _UTIL_DELAY_H_
  36:/usr/lib/avr/include/util/delay.h **** #define _UTIL_DELAY_H_ 1
  37:/usr/lib/avr/include/util/delay.h **** 
  38:/usr/lib/avr/include/util/delay.h **** #ifndef __HAS_DELAY_CYCLES
  39:/usr/lib/avr/include/util/delay.h **** #define __HAS_DELAY_CYCLES 1
  40:/usr/lib/avr/include/util/delay.h **** #endif
  41:/usr/lib/avr/include/util/delay.h **** 
  42:/usr/lib/avr/include/util/delay.h **** #include <inttypes.h>
  43:/usr/lib/avr/include/util/delay.h **** #include <util/delay_basic.h>
  44:/usr/lib/avr/include/util/delay.h **** #include <math.h>
  45:/usr/lib/avr/include/util/delay.h **** 
  46:/usr/lib/avr/include/util/delay.h **** /** \file */
  47:/usr/lib/avr/include/util/delay.h **** /** \defgroup util_delay <util/delay.h>: Convenience functions for busy-wait delay loops
  48:/usr/lib/avr/include/util/delay.h ****     \code
  49:/usr/lib/avr/include/util/delay.h ****     #define F_CPU 1000000UL  // 1 MHz
  50:/usr/lib/avr/include/util/delay.h ****     //#define F_CPU 14.7456E6
  51:/usr/lib/avr/include/util/delay.h ****     #include <util/delay.h>
  52:/usr/lib/avr/include/util/delay.h ****     \endcode
  53:/usr/lib/avr/include/util/delay.h **** 
  54:/usr/lib/avr/include/util/delay.h ****     \note As an alternative method, it is possible to pass the
  55:/usr/lib/avr/include/util/delay.h ****     F_CPU macro down to the compiler from the Makefile.
  56:/usr/lib/avr/include/util/delay.h ****     Obviously, in that case, no \c \#define statement should be
  57:/usr/lib/avr/include/util/delay.h ****     used.
  58:/usr/lib/avr/include/util/delay.h **** 
  59:/usr/lib/avr/include/util/delay.h ****     The functions in this header file are wrappers around the basic
  60:/usr/lib/avr/include/util/delay.h ****     busy-wait functions from <util/delay_basic.h>.  They are meant as
  61:/usr/lib/avr/include/util/delay.h ****     convenience functions where actual time values can be specified
  62:/usr/lib/avr/include/util/delay.h ****     rather than a number of cycles to wait for.  The idea behind is
  63:/usr/lib/avr/include/util/delay.h ****     that compile-time constant expressions will be eliminated by
  64:/usr/lib/avr/include/util/delay.h ****     compiler optimization so floating-point expressions can be used
  65:/usr/lib/avr/include/util/delay.h ****     to calculate the number of delay cycles needed based on the CPU
  66:/usr/lib/avr/include/util/delay.h ****     frequency passed by the macro F_CPU.
  67:/usr/lib/avr/include/util/delay.h **** 
  68:/usr/lib/avr/include/util/delay.h ****     \note In order for these functions to work as intended, compiler
  69:/usr/lib/avr/include/util/delay.h ****     optimizations <em>must</em> be enabled, and the delay time
  70:/usr/lib/avr/include/util/delay.h ****     <em>must</em> be an expression that is a known constant at
  71:/usr/lib/avr/include/util/delay.h ****     compile-time.  If these requirements are not met, the resulting
  72:/usr/lib/avr/include/util/delay.h ****     delay will be much longer (and basically unpredictable), and
  73:/usr/lib/avr/include/util/delay.h ****     applications that otherwise do not use floating-point calculations
  74:/usr/lib/avr/include/util/delay.h ****     will experience severe code bloat by the floating-point library
  75:/usr/lib/avr/include/util/delay.h ****     routines linked into the application.
  76:/usr/lib/avr/include/util/delay.h **** 
  77:/usr/lib/avr/include/util/delay.h ****     The functions available allow the specification of microsecond, and
  78:/usr/lib/avr/include/util/delay.h ****     millisecond delays directly, using the application-supplied macro
  79:/usr/lib/avr/include/util/delay.h ****     F_CPU as the CPU clock frequency (in Hertz).
  80:/usr/lib/avr/include/util/delay.h **** 
  81:/usr/lib/avr/include/util/delay.h **** */
  82:/usr/lib/avr/include/util/delay.h **** 
  83:/usr/lib/avr/include/util/delay.h **** #if !defined(__DOXYGEN__)
  84:/usr/lib/avr/include/util/delay.h **** static inline void _delay_us(double __us) __attribute__((always_inline));
  85:/usr/lib/avr/include/util/delay.h **** static inline void _delay_ms(double __ms) __attribute__((always_inline));
  86:/usr/lib/avr/include/util/delay.h **** #endif
  87:/usr/lib/avr/include/util/delay.h **** 
  88:/usr/lib/avr/include/util/delay.h **** #ifndef F_CPU
  89:/usr/lib/avr/include/util/delay.h **** /* prevent compiler error by supplying a default */
  90:/usr/lib/avr/include/util/delay.h **** # warning "F_CPU not defined for <util/delay.h>"
  91:/usr/lib/avr/include/util/delay.h **** # define F_CPU 1000000UL
  92:/usr/lib/avr/include/util/delay.h **** #endif
  93:/usr/lib/avr/include/util/delay.h **** 
  94:/usr/lib/avr/include/util/delay.h **** #ifndef __OPTIMIZE__
  95:/usr/lib/avr/include/util/delay.h **** # warning "Compiler optimizations disabled; functions from <util/delay.h> won't work as designed"
  96:/usr/lib/avr/include/util/delay.h **** #endif
  97:/usr/lib/avr/include/util/delay.h **** 
  98:/usr/lib/avr/include/util/delay.h **** #if __HAS_DELAY_CYCLES && defined(__OPTIMIZE__) && \
  99:/usr/lib/avr/include/util/delay.h ****   !defined(__DELAY_BACKWARD_COMPATIBLE__) &&	   \
 100:/usr/lib/avr/include/util/delay.h ****   __STDC_HOSTED__
 101:/usr/lib/avr/include/util/delay.h **** #  include <math.h>
 102:/usr/lib/avr/include/util/delay.h **** #endif
 103:/usr/lib/avr/include/util/delay.h **** 
 104:/usr/lib/avr/include/util/delay.h **** /**
 105:/usr/lib/avr/include/util/delay.h ****    \ingroup util_delay
 106:/usr/lib/avr/include/util/delay.h **** 
 107:/usr/lib/avr/include/util/delay.h ****    Perform a delay of \c __ms milliseconds, using _delay_loop_2().
 108:/usr/lib/avr/include/util/delay.h **** 
 109:/usr/lib/avr/include/util/delay.h ****    The macro F_CPU is supposed to be defined to a
 110:/usr/lib/avr/include/util/delay.h ****    constant defining the CPU clock frequency (in Hertz).
 111:/usr/lib/avr/include/util/delay.h **** 
 112:/usr/lib/avr/include/util/delay.h ****    The maximal possible delay is 262.14 ms / F_CPU in MHz.
 113:/usr/lib/avr/include/util/delay.h **** 
 114:/usr/lib/avr/include/util/delay.h ****    When the user request delay which exceed the maximum possible one,
 115:/usr/lib/avr/include/util/delay.h ****    _delay_ms() provides a decreased resolution functionality. In this
 116:/usr/lib/avr/include/util/delay.h ****    mode _delay_ms() will work with a resolution of 1/10 ms, providing
 117:/usr/lib/avr/include/util/delay.h ****    delays up to 6.5535 seconds (independent from CPU frequency).  The
 118:/usr/lib/avr/include/util/delay.h ****    user will not be informed about decreased resolution.
 119:/usr/lib/avr/include/util/delay.h **** 
 120:/usr/lib/avr/include/util/delay.h ****    If the avr-gcc toolchain has __builtin_avr_delay_cycles(unsigned long)
 121:/usr/lib/avr/include/util/delay.h ****    support, maximal possible delay is 4294967.295 ms/ F_CPU in MHz. For
 122:/usr/lib/avr/include/util/delay.h ****    values greater than the maximal possible delay, overflows results in
 123:/usr/lib/avr/include/util/delay.h ****    no delay i.e., 0ms.
 124:/usr/lib/avr/include/util/delay.h **** 
 125:/usr/lib/avr/include/util/delay.h ****    Conversion of __us into clock cycles may not always result in integer.
 126:/usr/lib/avr/include/util/delay.h ****    By default, the clock cycles rounded up to next integer. This ensures that
 127:/usr/lib/avr/include/util/delay.h ****    the user gets atleast __us microseconds of delay.
 128:/usr/lib/avr/include/util/delay.h **** 
 129:/usr/lib/avr/include/util/delay.h ****    Alternatively, user can define __DELAY_ROUND_DOWN__ and __DELAY_ROUND_CLOSEST__
 130:/usr/lib/avr/include/util/delay.h ****    to round down and round to closest integer.
 131:/usr/lib/avr/include/util/delay.h **** 
 132:/usr/lib/avr/include/util/delay.h ****    Note: The new implementation of _delay_ms(double __ms) with 
 133:/usr/lib/avr/include/util/delay.h ****     __builtin_avr_delay_cycles(unsigned long) support is not backward compatible. 
 134:/usr/lib/avr/include/util/delay.h ****    User can define __DELAY_BACKWARD_COMPATIBLE__ to get a backward compatible delay.
 135:/usr/lib/avr/include/util/delay.h ****    Also, the backward compatible
 136:/usr/lib/avr/include/util/delay.h ****    algorithm will be chosen if the code is compiled in a <em>freestanding
 137:/usr/lib/avr/include/util/delay.h ****    environment</em> (GCC option \c -ffreestanding), as the math functions
 138:/usr/lib/avr/include/util/delay.h ****    required for rounding are not available to the compiler then.
 139:/usr/lib/avr/include/util/delay.h **** 
 140:/usr/lib/avr/include/util/delay.h ****  */
 141:/usr/lib/avr/include/util/delay.h **** void
 142:/usr/lib/avr/include/util/delay.h **** _delay_ms(double __ms)
 143:/usr/lib/avr/include/util/delay.h **** {
 144:/usr/lib/avr/include/util/delay.h **** 	double __tmp ; 
 145:/usr/lib/avr/include/util/delay.h **** #if __HAS_DELAY_CYCLES && defined(__OPTIMIZE__) && \
 146:/usr/lib/avr/include/util/delay.h ****   !defined(__DELAY_BACKWARD_COMPATIBLE__) &&	   \
 147:/usr/lib/avr/include/util/delay.h ****   __STDC_HOSTED__
 148:/usr/lib/avr/include/util/delay.h **** 	uint32_t __ticks_dc;
 149:/usr/lib/avr/include/util/delay.h **** 	extern void __builtin_avr_delay_cycles(unsigned long);
 150:/usr/lib/avr/include/util/delay.h **** 	__tmp = ((F_CPU) / 1e3) * __ms;
 151:/usr/lib/avr/include/util/delay.h **** 
 152:/usr/lib/avr/include/util/delay.h **** 	#if defined(__DELAY_ROUND_DOWN__)
 153:/usr/lib/avr/include/util/delay.h **** 		__ticks_dc = (uint32_t)fabs(__tmp);
 154:/usr/lib/avr/include/util/delay.h **** 
 155:/usr/lib/avr/include/util/delay.h **** 	#elif defined(__DELAY_ROUND_CLOSEST__)
 156:/usr/lib/avr/include/util/delay.h **** 		__ticks_dc = (uint32_t)(fabs(__tmp)+0.5);
 157:/usr/lib/avr/include/util/delay.h **** 
 158:/usr/lib/avr/include/util/delay.h **** 	#else
 159:/usr/lib/avr/include/util/delay.h **** 		//round up by default
 160:/usr/lib/avr/include/util/delay.h **** 		__ticks_dc = (uint32_t)(ceil(fabs(__tmp)));
 161:/usr/lib/avr/include/util/delay.h **** 	#endif
 162:/usr/lib/avr/include/util/delay.h **** 
 163:/usr/lib/avr/include/util/delay.h **** 	__builtin_avr_delay_cycles(__ticks_dc);
 170               	.LM9:
 171 0024 2FEF      		ldi r18,lo8(159999)
 172 0026 80E7      		ldi r24,hi8(159999)
 173 0028 92E0      		ldi r25,hlo8(159999)
 174 002a 2150      		1: subi r18,1
 175 002c 8040      		sbci r24,0
 176 002e 9040      		sbci r25,0
 177 0030 01F4      		brne 1b
 178 0032 00C0      		rjmp .
 179 0034 0000      		nop
 180 0036 00C0      		rjmp .L6
 181               	.LBE5:
 182               	.LBE4:
 184               	.Lscope2:
 186               		.stabd	78,0,0
 187               		.text
 189               	.Letext0:
 190               		.ident	"GCC: (GNU) 4.8.1"
DEFINED SYMBOLS
                            *ABS*:00000000 hello.c
     /tmp/ccygqyMW.s:2      *ABS*:0000003e __SP_H__
     /tmp/ccygqyMW.s:3      *ABS*:0000003d __SP_L__
     /tmp/ccygqyMW.s:4      *ABS*:0000003f __SREG__
     /tmp/ccygqyMW.s:5      *ABS*:0000003b __RAMPZ__
     /tmp/ccygqyMW.s:6      *ABS*:00000000 __tmp_reg__
     /tmp/ccygqyMW.s:7      *ABS*:00000001 __zero_reg__
     /tmp/ccygqyMW.s:107    .text:00000000 send_byte
     /tmp/ccygqyMW.s:134    .text.startup:00000000 main

NO UNDEFINED SYMBOLS
